[debug] [2020-05-30T17:33:23.345Z] ----------------------------------------------------------------------
[debug] [2020-05-30T17:33:23.350Z] Command:       C:\Program Files\nodejs\node.exe C:\Users\Vipul\AppData\Roaming\npm\node_modules\firebase-tools\lib\bin\firebase.js init
[debug] [2020-05-30T17:33:23.351Z] CLI Version:   8.4.1
[debug] [2020-05-30T17:33:23.351Z] Platform:      win32
[debug] [2020-05-30T17:33:23.351Z] Node Version:  v10.15.0
[debug] [2020-05-30T17:33:23.353Z] Time:          Sat May 30 2020 23:03:23 GMT+0530 (India Standard Time)
[debug] [2020-05-30T17:33:23.353Z] ----------------------------------------------------------------------
[debug] [2020-05-30T17:33:23.353Z] 
[debug] [2020-05-30T17:33:23.367Z] > command requires scopes: ["email","openid","https://www.googleapis.com/auth/cloudplatformprojects.readonly","https://www.googleapis.com/auth/firebase","https://www.googleapis.com/auth/cloud-platform"]
[debug] [2020-05-30T17:33:23.368Z] > authorizing via signed-in user
[info] 
     ######## #### ########  ######## ########     ###     ######  ########
     ##        ##  ##     ## ##       ##     ##  ##   ##  ##       ##
     ######    ##  ########  ######   ########  #########  ######  ######
     ##        ##  ##    ##  ##       ##     ## ##     ##       ## ##
     ##       #### ##     ## ######## ########  ##     ##  ######  ########

You're about to initialize a Firebase project in this directory:

  C:\Users\Vipul\Documents\portfolio

[info] 
=== Project Setup
[info] 
[info] First, let's associate this project directory with a Firebase project.
[info] You can create multiple project aliases by running firebase use --add, 
[info] but for now we'll just set up a default project.
[info] 
[debug] [2020-05-30T17:33:38.165Z] > refreshing access token with scopes: ["email","https://www.googleapis.com/auth/cloud-platform","https://www.googleapis.com/auth/cloudplatformprojects.readonly","https://www.googleapis.com/auth/firebase","openid"]
[debug] [2020-05-30T17:33:38.166Z] >>> HTTP REQUEST POST https://www.googleapis.com/oauth2/v3/token  
 <request body omitted>
[debug] [2020-05-30T17:33:38.450Z] <<< HTTP RESPONSE 400 {"content-type":"application/json; charset=utf-8","vary":"X-Origin, Referer, Origin,Accept-Encoding","date":"Sat, 30 May 2020 17:33:40 GMT","server":"scaffolding on HTTPServer2","cache-control":"private","x-xss-protection":"0","x-frame-options":"SAMEORIGIN","x-content-type-options":"nosniff","alt-svc":"h3-27=\":443\"; ma=2592000,h3-25=\":443\"; ma=2592000,h3-T050=\":443\"; ma=2592000,h3-Q050=\":443\"; ma=2592000,h3-Q049=\":443\"; ma=2592000,h3-Q048=\":443\"; ma=2592000,h3-Q046=\":443\"; ma=2592000,h3-Q043=\":443\"; ma=2592000,quic=\":443\"; ma=2592000; v=\"46,43\"","accept-ranges":"none","transfer-encoding":"chunked"}
[debug] [2020-05-30T17:33:38.454Z] >>> HTTP REQUEST GET https://firebase.googleapis.com/v1beta1/projects?pageSize=100  
 
[debug] [2020-05-30T17:33:38.772Z] <<< HTTP RESPONSE 401 {"www-authenticate":"Bearer realm=\"https://accounts.google.com/\", error=\"invalid_token\"","vary":"X-Origin, Referer, Origin,Accept-Encoding","content-type":"application/json; charset=UTF-8","date":"Sat, 30 May 2020 17:33:40 GMT","server":"ESF","cache-control":"private","x-xss-protection":"0","x-frame-options":"SAMEORIGIN","x-content-type-options":"nosniff","alt-svc":"h3-27=\":443\"; ma=2592000,h3-25=\":443\"; ma=2592000,h3-T050=\":443\"; ma=2592000,h3-Q050=\":443\"; ma=2592000,h3-Q049=\":443\"; ma=2592000,h3-Q048=\":443\"; ma=2592000,h3-Q046=\":443\"; ma=2592000,h3-Q043=\":443\"; ma=2592000,quic=\":443\"; ma=2592000; v=\"46,43\"","accept-ranges":"none","transfer-encoding":"chunked"}
[debug] [2020-05-30T17:33:38.773Z] <<< HTTP RESPONSE BODY {"error":{"code":401,"message":"Request had invalid authentication credentials. Expected OAuth 2 access token, login cookie or other valid authentication credential. See https://developers.google.com/identity/sign-in/web/devconsole-project.","status":"UNAUTHENTICATED"}}
[debug] [2020-05-30T17:33:38.776Z] HTTP Error: 401, Request had invalid authentication credentials. Expected OAuth 2 access token, login cookie or other valid authentication credential. See https://developers.google.com/identity/sign-in/web/devconsole-project.
[debug] [2020-05-30T17:33:39.013Z] FirebaseError: HTTP Error: 401, Request had invalid authentication credentials. Expected OAuth 2 access token, login cookie or other valid authentication credential. See https://developers.google.com/identity/sign-in/web/devconsole-project.
    at module.exports (C:\Users\Vipul\AppData\Roaming\npm\node_modules\firebase-tools\lib\responseToError.js:38:12)
    at Request._callback (C:\Users\Vipul\AppData\Roaming\npm\node_modules\firebase-tools\lib\api.js:41:35)
    at Request.self.callback (C:\Users\Vipul\AppData\Roaming\npm\node_modules\firebase-tools\node_modules\request\request.js:185:22)
    at Request.emit (events.js:182:13)
    at Request.EventEmitter.emit (domain.js:441:20)
    at Request.<anonymous> (C:\Users\Vipul\AppData\Roaming\npm\node_modules\firebase-tools\node_modules\request\request.js:1154:10)
    at Request.emit (events.js:182:13)
    at Request.EventEmitter.emit (domain.js:441:20)
    at IncomingMessage.<anonymous> (C:\Users\Vipul\AppData\Roaming\npm\node_modules\firebase-tools\node_modules\request\request.js:1076:12)
    at Object.onceWrapper (events.js:273:13)
    at IncomingMessage.emit (events.js:187:15)
    at IncomingMessage.EventEmitter.emit (domain.js:441:20)
    at endReadableNT (_stream_readable.js:1094:12)
    at process._tickCallback (internal/process/next_tick.js:63:19)
[error] 
[error] Error: Failed to list Firebase projects. See firebase-debug.log for more info.
[debug] [2020-05-30T17:40:35.109Z] ----------------------------------------------------------------------
[debug] [2020-05-30T17:40:35.113Z] Command:       C:\Program Files\nodejs\node.exe C:\Users\Vipul\AppData\Roaming\npm\node_modules\firebase-tools\lib\bin\firebase.js login
[debug] [2020-05-30T17:40:35.114Z] CLI Version:   8.4.1
[debug] [2020-05-30T17:40:35.114Z] Platform:      win32
[debug] [2020-05-30T17:40:35.115Z] Node Version:  v10.15.0
[debug] [2020-05-30T17:40:35.116Z] Time:          Sat May 30 2020 23:10:35 GMT+0530 (India Standard Time)
[debug] [2020-05-30T17:40:35.116Z] ----------------------------------------------------------------------
[debug] [2020-05-30T17:40:35.116Z] 
[info] i  Firebase optionally collects CLI usage and error reporting information to help improve our products. Data is collected in accordance with Google's privacy policy (https://policies.google.com/privacy) and is not used to identify you.
 
[info] i  To change your data collection preference at any time, run `firebase logout` and log in again. 
[info] 
[info] Visit this URL on this device to log in:
[info] https://accounts.google.com/o/oauth2/auth?client_id=563584335869-fgrhgmd47bqnekij5i8b5pr03ho849e6.apps.googleusercontent.com&scope=email%20openid%20https%3A%2F%2Fwww.googleapis.com%2Fauth%2Fcloudplatformprojects.readonly%20https%3A%2F%2Fwww.googleapis.com%2Fauth%2Ffirebase%20https%3A%2F%2Fwww.googleapis.com%2Fauth%2Fcloud-platform&response_type=code&state=107655999&redirect_uri=http%3A%2F%2Flocalhost%3A9005
[info] 
[info] Waiting for authentication...
[debug] [2020-05-30T17:40:38.750Z] Error: spawn cmd ENOENT
    at Process.ChildProcess._handle.onexit (internal/child_process.js:232:19)
    at onErrorNT (internal/child_process.js:407:16)
    at process._tickCallback (internal/process/next_tick.js:63:19)
[error] 
[error] Error: An unexpected error has occurred.
[debug] [2020-05-30T17:43:06.257Z] ----------------------------------------------------------------------
[debug] [2020-05-30T17:43:06.262Z] Command:       C:\Program Files\nodejs\node.exe C:\Users\Vipul\AppData\Roaming\npm\node_modules\firebase-tools\lib\bin\firebase.js login --no-localhost
[debug] [2020-05-30T17:43:06.263Z] CLI Version:   8.4.1
[debug] [2020-05-30T17:43:06.263Z] Platform:      win32
[debug] [2020-05-30T17:43:06.263Z] Node Version:  v10.15.0
[debug] [2020-05-30T17:43:06.265Z] Time:          Sat May 30 2020 23:13:06 GMT+0530 (India Standard Time)
[debug] [2020-05-30T17:43:06.265Z] ----------------------------------------------------------------------
[debug] [2020-05-30T17:43:06.265Z] 
[info] i  Firebase optionally collects CLI usage and error reporting information to help improve our products. Data is collected in accordance with Google's privacy policy (https://policies.google.com/privacy) and is not used to identify you.
 
[info] i  To change your data collection preference at any time, run `firebase logout` and log in again. 
[info] 
[info] Visit this URL on any device to log in:
[info] https://accounts.google.com/o/oauth2/auth?client_id=563584335869-fgrhgmd47bqnekij5i8b5pr03ho849e6.apps.googleusercontent.com&scope=email%20openid%20https%3A%2F%2Fwww.googleapis.com%2Fauth%2Fcloudplatformprojects.readonly%20https%3A%2F%2Fwww.googleapis.com%2Fauth%2Ffirebase%20https%3A%2F%2Fwww.googleapis.com%2Fauth%2Fcloud-platform&response_type=code&state=143088573&redirect_uri=urn%3Aietf%3Awg%3Aoauth%3A2.0%3Aoob
[info] 
[debug] [2020-05-30T17:43:08.457Z] Error: spawn cmd ENOENT
    at Process.ChildProcess._handle.onexit (internal/child_process.js:232:19)
    at onErrorNT (internal/child_process.js:407:16)
    at process._tickCallback (internal/process/next_tick.js:63:19)
[error] 
[error] Error: An unexpected error has occurred.
